New https://pypi.org/project/ultralytics/8.4.45 available 😃 Update with 'pip install -U ultralytics'
Ultralytics 8.4.41 🚀 Python-3.12.11 torch-2.11.0+cu130 CUDA:0 (NVIDIA A100-SXM4-80GB, 81153MiB)
                                                       CUDA:1 (NVIDIA A100-SXM4-80GB, 81153MiB)
[34m[1mengine/trainer: [0magnostic_nms=False, amp=True, angle=1.0, augment=False, auto_augment=randaugment, batch=8, bgr=0.0, box=7.5, cache=False, cfg=None, classes=None, close_mosaic=10, cls=0.5, cls_pw=0.0, compile=False, conf=None, copy_paste=0.0, copy_paste_mode=flip, cos_lr=False, cutmix=0.0, data=/research/rgs01/home/clusterHome/mzhai72/CFU_classifier/data.yaml, degrees=0.0, deterministic=True, device=0,1, dfl=1.5, dnn=False, dropout=0.0, dynamic=False, embed=None, end2end=None, epochs=100, erasing=0.4, exist_ok=True, fliplr=0.5, flipud=0.0, format=torchscript, fraction=1.0, freeze=None, half=False, hsv_h=0.015, hsv_s=0.7, hsv_v=0.4, imgsz=3200, int8=False, iou=0.7, keras=False, kobj=1.0, line_width=None, lr0=0.01, lrf=0.01, mask_ratio=4, max_det=300, mixup=0.0, mode=train, model=yolo26n.pt, momentum=0.937, mosaic=1.0, multi_scale=0.0, name=cfu_detector, nbs=64, nms=False, opset=None, optimize=False, optimizer=auto, overlap_mask=True, patience=100, perspective=0.0, plots=True, pose=12.0, pretrained=True, profile=False, project=3200px_training_v3, rect=False, resume=False, retina_masks=False, rle=1.0, save=True, save_conf=False, save_crop=False, save_dir=/research/rgs01/home/clusterHome/mzhai72/CFU_classifier/runs/detect/3200px_training_v3/cfu_detector, save_frames=False, save_json=False, save_period=-1, save_txt=False, scale=0.5, seed=0, shear=0.0, show=False, show_boxes=True, show_conf=True, show_labels=True, simplify=True, single_cls=False, source=None, split=val, stream_buffer=False, task=detect, time=None, tracker=botsort.yaml, translate=0.1, val=True, verbose=True, vid_stride=1, visualize=False, warmup_bias_lr=0.1, warmup_epochs=3.0, warmup_momentum=0.8, weight_decay=0.0005, workers=8, workspace=None
Overriding model.yaml nc=80 with nc=4

                   from  n    params  module                                       arguments                     
  0                  -1  1       464  ultralytics.nn.modules.conv.Conv             [3, 16, 3, 2]                 
  1                  -1  1      4672  ultralytics.nn.modules.conv.Conv             [16, 32, 3, 2]                
  2                  -1  1      6640  ultralytics.nn.modules.block.C3k2            [32, 64, 1, False, 0.25]      
  3                  -1  1     36992  ultralytics.nn.modules.conv.Conv             [64, 64, 3, 2]                
  4                  -1  1     26080  ultralytics.nn.modules.block.C3k2            [64, 128, 1, False, 0.25]     
  5                  -1  1    147712  ultralytics.nn.modules.conv.Conv             [128, 128, 3, 2]              
  6                  -1  1     87040  ultralytics.nn.modules.block.C3k2            [128, 128, 1, True]           
  7                  -1  1    295424  ultralytics.nn.modules.conv.Conv             [128, 256, 3, 2]              
  8                  -1  1    346112  ultralytics.nn.modules.block.C3k2            [256, 256, 1, True]           
  9                  -1  1    164608  ultralytics.nn.modules.block.SPPF            [256, 256, 5, 3, True]        
 10                  -1  1    249728  ultralytics.nn.modules.block.C2PSA           [256, 256, 1]                 
 11                  -1  1         0  torch.nn.modules.upsampling.Upsample         [None, 2, 'nearest']          
 12             [-1, 6]  1         0  ultralytics.nn.modules.conv.Concat           [1]                           
 13                  -1  1    119808  ultralytics.nn.modules.block.C3k2            [384, 128, 1, True]           
 14                  -1  1         0  torch.nn.modules.upsampling.Upsample         [None, 2, 'nearest']          
 15             [-1, 4]  1         0  ultralytics.nn.modules.conv.Concat           [1]                           
 16                  -1  1     34304  ultralytics.nn.modules.block.C3k2            [256, 64, 1, True]            
 17                  -1  1     36992  ultralytics.nn.modules.conv.Conv             [64, 64, 3, 2]                
 18            [-1, 13]  1         0  ultralytics.nn.modules.conv.Concat           [1]                           
 19                  -1  1     95232  ultralytics.nn.modules.block.C3k2            [192, 128, 1, True]           
 20                  -1  1    147712  ultralytics.nn.modules.conv.Conv             [128, 128, 3, 2]              
 21            [-1, 10]  1         0  ultralytics.nn.modules.conv.Concat           [1]                           
 22                  -1  1    463104  ultralytics.nn.modules.block.C3k2            [384, 256, 1, True, 0.5, True]
 23        [16, 19, 22]  1    242736  ultralytics.nn.modules.head.Detect           [4, 1, True, [64, 128, 256]]  
YOLO26n summary: 260 layers, 2,505,360 parameters, 2,505,360 gradients, 5.8 GFLOPs

Transferred 606/708 items from pretrained weights
[34m[1mDDP:[0m debug command /home/mzhai72/.conda/envs/cfu-env/bin/python -m torch.distributed.run --nproc_per_node 2 --master_port 41331 /home/mzhai72/.config/Ultralytics/DDP/_temp_t_rciig523452612960064.py
Ultralytics 8.4.41 🚀 Python-3.12.11 torch-2.11.0+cu130 CUDA:0 (NVIDIA A100-SXM4-80GB, 81153MiB)
                                                       CUDA:1 (NVIDIA A100-SXM4-80GB, 81153MiB)
Overriding model.yaml nc=80 with nc=4
Transferred 606/708 items from pretrained weights
[34m[1mAMP: [0mrunning Automatic Mixed Precision (AMP) checks...
[34m[1mAMP: [0mchecks passed ✅
[34m[1mtrain: [0mFast image access ✅ (ping: 1.1±0.1 ms, read: 256.3±60.0 MB/s, size: 9223.6 KB)
[K[34m[1mtrain: [0mScanning /research/rgs01/home/clusterHome/mzhai72/CFU_classifier/data/tiled_3200_v3/train/labels... 10 images, 0 backgrounds, 0 corrupt: 4% ──────────── 10/270 27.6it/s 0.1s<9.4s[K[34m[1mtrain: [0mScanning /research/rgs01/home/clusterHome/mzhai72/CFU_classifier/data/tiled_3200_v3/train/labels... 28 images, 0 backgrounds, 0 corrupt: 10% ━─────────── 28/270 72.2it/s 0.2s<3.4s[K[34m[1mtrain: [0mScanning /research/rgs01/home/clusterHome/mzhai72/CFU_classifier/data/tiled_3200_v3/train/labels... 42 images, 0 backgrounds, 0 corrupt: 16% ━╸────────── 42/270 80.6it/s 0.4s<2.8s[K[34m[1mtrain: [0mScanning /research/rgs01/home/clusterHome/mzhai72/CFU_classifier/data/tiled_3200_v3/train/labels... 65 images, 0 backgrounds, 0 corrupt: 24% ━━╸───────── 65/270 106.9it/s 0.5s<1.9s[K[34m[1mtrain: [0mScanning /research/rgs01/home/clusterHome/mzhai72/CFU_classifier/data/tiled_3200_v3/train/labels... 89 images, 2 backgrounds, 0 corrupt: 33% ━━━╸──────── 89/270 146.2it/s 0.6s<1.2s[K[34m[1mtrain: [0mScanning /research/rgs01/home/clusterHome/mzhai72/CFU_classifier/data/tiled_3200_v3/train/labels... 106 images, 2 backgrounds, 0 corrupt: 39% ━━━━╸─────── 106/270 110.9it/s 1.2s<1.5s[K[34m[1mtrain: [0mScanning /research/rgs01/home/clusterHome/mzhai72/CFU_classifier/data/tiled_3200_v3/train/labels... 192 images, 2 backgrounds, 0 corrupt: 71% ━━━━━━━━╸─── 192/270 333.5it/s 1.3s<0.2s[K[34m[1mtrain: [0mScanning /research/rgs01/home/clusterHome/mzhai72/CFU_classifier/data/tiled_3200_v3/train/labels... 207 images, 11 backgrounds, 0 corrupt: 77% ━━━━━━━━━─── 207/270 275.3it/s 1.4s<0.2s[K[34m[1mtrain: [0mScanning /research/rgs01/home/clusterHome/mzhai72/CFU_classifier/data/tiled_3200_v3/train/labels... 218 images, 11 backgrounds, 0 corrupt: 81% ━━━━━━━━━╸── 218/270 224.5it/s 1.5s<0.2s[K[34m[1mtrain: [0mScanning /research/rgs01/home/clusterHome/mzhai72/CFU_classifier/data/tiled_3200_v3/train/labels... 233 images, 11 backgrounds, 0 corrupt: 86% ━━━━━━━━━━── 233/270 197.1it/s 1.6s<0.2s[K[34m[1mtrain: [0mScanning /research/rgs01/home/clusterHome/mzhai72/CFU_classifier/data/tiled_3200_v3/train/labels... 252 images, 11 backgrounds, 0 corrupt: 93% ━━━━━━━━━━━─ 252/270 192.3it/s 1.7s<0.1s[K[34m[1mtrain: [0mScanning /research/rgs01/home/clusterHome/mzhai72/CFU_classifier/data/tiled_3200_v3/train/labels... 266 images, 11 backgrounds, 0 corrupt: 99% ━━━━━━━━━━━╸ 266/270 169.6it/s 1.8s<0.0s[K[34m[1mtrain: [0mScanning /research/rgs01/home/clusterHome/mzhai72/CFU_classifier/data/tiled_3200_v3/train/labels... 270 images, 11 backgrounds, 0 corrupt: 100% ━━━━━━━━━━━━ 270/270 147.1it/s 1.8s
[34m[1mtrain: [0mNew cache created: /research/rgs01/home/clusterHome/mzhai72/CFU_classifier/data/tiled_3200_v3/train/labels.cache
[34m[1mval: [0mFast image access ✅ (ping: 0.0±0.0 ms, read: 1181.7±618.5 MB/s, size: 10253.3 KB)
[K[34m[1mval: [0mScanning /research/rgs01/home/clusterHome/mzhai72/CFU_classifier/data/tiled_3200_v3/train/labels.cache... 270 images, 11 backgrounds, 0 corrupt: 100% ━━━━━━━━━━━━ 270/270 28.3Mit/s 0.0s
[34m[1moptimizer:[0m 'optimizer=auto' found, ignoring 'lr0=0.01' and 'momentum=0.937' and determining best 'optimizer', 'lr0' and 'momentum' automatically... 
[34m[1moptimizer:[0m AdamW(lr=0.00125, momentum=0.9) with parameter groups 114 weight(decay=0.0), 126 weight(decay=0.0005), 126 bias(decay=0.0)
Plotting labels to /research/rgs01/home/clusterHome/mzhai72/CFU_classifier/runs/detect/3200px_training_v3/cfu_detector/labels.jpg... 
WARNING ⚠️ 
Image sizes 3200 train, 3200 val
Using 16 dataloader workers
Logging results to [1m/research/rgs01/home/clusterHome/mzhai72/CFU_classifier/runs/detect/3200px_training_v3/cfu_detector[0m
Starting training for 100 epochs...

      Epoch    GPU_mem   box_loss   cls_loss   dfl_loss  Instances       Size
[K: 0% ──────────── 0/34  5.0s

------------------------------------------------------------
Sender: LSF System <lsfadmin@nodegpu250>
Subject: Job 288062944: <cfu_train_3200> in cluster <hpcf_research_cluster> Exited

Job <cfu_train_3200> was submitted from host <splprhpc08> by user <mzhai72> in cluster <hpcf_research_cluster> at Thu Apr 30 17:51:56 2026
Job was executed on host(s) <3*nodegpu250>, in queue <gpu_priority>, as user <mzhai72> in cluster <hpcf_research_cluster> at Thu Apr 30 17:52:01 2026
                            <1*dgxac09>
</home/mzhai72> was used as the home directory.
</home/mzhai72/CFU_classifier> was used as the working directory.
Started at Thu Apr 30 17:52:01 2026
Terminated at Thu Apr 30 17:53:46 2026
Results reported at Thu Apr 30 17:53:46 2026

Your job looked like:

------------------------------------------------------------
# LSBATCH: User input
#!/bin/bash
#BSUB -J cfu_train_3200
#BSUB -q gpu_priority
#BSUB -gpu "num=2:j_exclusive=yes"
#BSUB -n 4
#BSUB -R "rusage[mem=16000]"
#BSUB -W 8:00
#BSUB -o /home/mzhai72/CFU_classifier/logs/train_%J.out
#BSUB -e /home/mzhai72/CFU_classifier/logs/train_%J.err

mkdir -p /home/mzhai72/CFU_classifier/logs

module load miniconda
module load cuda11.8/toolkit/11.8.0
source activate cfu-env

cd /home/mzhai72/CFU_classifier

python train.py


------------------------------------------------------------

TERM_OWNER: job killed by owner.
Exited with exit code 130.

Resource usage summary:

    CPU time :                                   311.00 sec.
    Max Memory :                                 31316 MB
    Average Memory :                             3054.92 MB
    Total Requested Memory :                     64000.00 MB
    Delta Memory :                               32684.00 MB
    Max Swap :                                   -
    Max Processes :                              55
    Max Threads :                                179
    Run time :                                   105 sec.
    Turnaround time :                            110 sec.

The output (if any) is above this job summary.



PS:

Read file </home/mzhai72/CFU_classifier/logs/train_288062944.err> for stderr output of this job.

